Determining if the pthread_create exist failed with the following output:
Change Dir: /home/abhish/tutorial_ws/edx_ws/build/CMakeFiles/CMakeTmp

Run Build Command:"/usr/bin/make" "cmTC_b12f7/fast"
/usr/bin/make -f CMakeFiles/cmTC_b12f7.dir/build.make CMakeFiles/cmTC_b12f7.dir/build
make[1]: Entering directory '/home/abhish/tutorial_ws/edx_ws/build/CMakeFiles/CMakeTmp'
Building C object CMakeFiles/cmTC_b12f7.dir/CheckSymbolExists.c.o
/usr/bin/cc    -o CMakeFiles/cmTC_b12f7.dir/CheckSymbolExists.c.o   -c /home/abhish/tutorial_ws/edx_ws/build/CMakeFiles/CMakeTmp/CheckSymbolExists.c
Linking C executable cmTC_b12f7
/usr/bin/cmake -E cmake_link_script CMakeFiles/cmTC_b12f7.dir/link.txt --verbose=1
/usr/bin/cc      -rdynamic CMakeFiles/cmTC_b12f7.dir/CheckSymbolExists.c.o  -o cmTC_b12f7 
CMakeFiles/cmTC_b12f7.dir/CheckSymbolExists.c.o: In function `main':
CheckSymbolExists.c:(.text+0x1b): undefined reference to `pthread_create'
collect2: error: ld returned 1 exit status
CMakeFiles/cmTC_b12f7.dir/build.make:97: recipe for target 'cmTC_b12f7' failed
make[1]: *** [cmTC_b12f7] Error 1
make[1]: Leaving directory '/home/abhish/tutorial_ws/edx_ws/build/CMakeFiles/CMakeTmp'
Makefile:126: recipe for target 'cmTC_b12f7/fast' failed
make: *** [cmTC_b12f7/fast] Error 2

File /home/abhish/tutorial_ws/edx_ws/build/CMakeFiles/CMakeTmp/CheckSymbolExists.c:
/* */
#include <pthread.h>

int main(int argc, char** argv)
{
  (void)argv;
#ifndef pthread_create
  return ((int*)(&pthread_create))[argc];
#else
  (void)argc;
  return 0;
#endif
}

Determining if the function pthread_create exists in the pthreads failed with the following output:
Change Dir: /home/abhish/tutorial_ws/edx_ws/build/CMakeFiles/CMakeTmp

Run Build Command:"/usr/bin/make" "cmTC_43e40/fast"
/usr/bin/make -f CMakeFiles/cmTC_43e40.dir/build.make CMakeFiles/cmTC_43e40.dir/build
make[1]: Entering directory '/home/abhish/tutorial_ws/edx_ws/build/CMakeFiles/CMakeTmp'
Building C object CMakeFiles/cmTC_43e40.dir/CheckFunctionExists.c.o
/usr/bin/cc   -DCHECK_FUNCTION_EXISTS=pthread_create   -o CMakeFiles/cmTC_43e40.dir/CheckFunctionExists.c.o   -c /usr/share/cmake-3.10/Modules/CheckFunctionExists.c
Linking C executable cmTC_43e40
/usr/bin/cmake -E cmake_link_script CMakeFiles/cmTC_43e40.dir/link.txt --verbose=1
/usr/bin/cc  -DCHECK_FUNCTION_EXISTS=pthread_create    -rdynamic CMakeFiles/cmTC_43e40.dir/CheckFunctionExists.c.o  -o cmTC_43e40 -lpthreads 
/usr/bin/ld: cannot find -lpthreads
collect2: error: ld returned 1 exit status
CMakeFiles/cmTC_43e40.dir/build.make:97: recipe for target 'cmTC_43e40' failed
make[1]: *** [cmTC_43e40] Error 1
make[1]: Leaving directory '/home/abhish/tutorial_ws/edx_ws/build/CMakeFiles/CMakeTmp'
Makefile:126: recipe for target 'cmTC_43e40/fast' failed
make: *** [cmTC_43e40/fast] Error 2


